::1 - - [08/Dec/2017:06:06:29 +0800] "GET / HTTP/1.1" 200 995
::1 - - [08/Dec/2017:06:06:29 +0800] "GET /style.css HTTP/1.1" 304 -
::1 - - [08/Dec/2017:06:06:29 +0800] "GET /images/header.png HTTP/1.1" 304 -
::1 - - [08/Dec/2017:06:06:29 +0800] "GET /images/background.jpg HTTP/1.1" 304 -
::1 - - [08/Dec/2017:06:06:29 +0800] "GET /images/topcontent.jpg HTTP/1.1" 304 -
::1 - - [08/Dec/2017:06:06:29 +0800] "GET /images/content.jpg HTTP/1.1" 304 -
::1 - - [08/Dec/2017:06:06:29 +0800] "GET /images/contentbot.jpg HTTP/1.1" 304 -
::1 - - [08/Dec/2017:06:06:29 +0800] "GET /favicon.ico HTTP/1.1" 404 209
::1 - - [08/Dec/2017:06:06:36 +0800] "GET /myforum HTTP/1.1" 301 233
::1 - - [08/Dec/2017:06:06:36 +0800] "GET /myforum/ HTTP/1.1" 200 492
::1 - - [08/Dec/2017:06:06:43 +0800] "GET /myforum/new_topic.php HTTP/1.1" 200 1193
::1 - - [08/Dec/2017:06:06:48 +0800] "GET /myforum/add_new_topic.php HTTP/1.1" 200 628
::1 - - [08/Dec/2017:06:06:52 +0800] "GET /myforum/main_forum.php HTTP/1.1" 200 1711
::1 - - [08/Dec/2017:06:09:23 +0800] "GET /myforum/ HTTP/1.1" 200 492
::1 - - [08/Dec/2017:06:10:12 +0800] "GET /phpmyadmin/ HTTP/1.1" 200 2651
::1 - - [08/Dec/2017:06:10:13 +0800] "GET /phpmyadmin/js/jquery/jquery-1.4.4.js?ts=1512498187 HTTP/1.1" 200 78421
::1 - - [08/Dec/2017:06:10:13 +0800] "GET /phpmyadmin/js/update-location.js?ts=1512498188 HTTP/1.1" 200 760
::1 - - [08/Dec/2017:06:10:13 +0800] "GET /phpmyadmin/js/common.js?ts=1512498187 HTTP/1.1" 200 5307
::1 - - [08/Dec/2017:06:10:13 +0800] "GET /phpmyadmin/navigation.php?token=a36921cc48ba7c4be5619ec89da501a1 HTTP/1.1" 200 4122
::1 - - [08/Dec/2017:06:10:13 +0800] "GET /phpmyadmin/main.php?token=a36921cc48ba7c4be5619ec89da501a1 HTTP/1.1" 200 37928
::1 - - [08/Dec/2017:06:10:13 +0800] "GET /phpmyadmin/phpmyadmin.css.php?token=a36921cc48ba7c4be5619ec89da501a1&js_frame=left&nocache=6050177709 HTTP/1.1" 200 6147
::1 - - [08/Dec/2017:06:10:13 +0800] "GET /phpmyadmin/js/cross_framing_protection.js?ts=1512498187 HTTP/1.1" 200 332
::1 - - [08/Dec/2017:06:10:13 +0800] "GET /phpmyadmin/js/jquery/jquery-ui-1.8.custom.js?ts=1512498187 HTTP/1.1" 200 191148
::1 - - [08/Dec/2017:06:10:13 +0800] "GET /phpmyadmin/js/jquery/jquery.qtip-1.0.0.min.js?ts=1512498187 HTTP/1.1" 200 38449
::1 - - [08/Dec/2017:06:10:13 +0800] "GET /phpmyadmin/js/jquery/jquery.sprintf.js?ts=1512498187 HTTP/1.1" 200 993
::1 - - [08/Dec/2017:06:10:13 +0800] "GET /phpmyadmin/js/config.js?ts=1512498187 HTTP/1.1" 200 9504
::1 - - [08/Dec/2017:06:10:13 +0800] "GET /phpmyadmin/js/functions.js?ts=1512498187 HTTP/1.1" 200 31637
::1 - - [08/Dec/2017:06:10:13 +0800] "GET /phpmyadmin/phpmyadmin.css.php?server=1&token=a36921cc48ba7c4be5619ec89da501a1&js_frame=right&nocache=6050177709 HTTP/1.1" 200 43718
::1 - - [08/Dec/2017:06:10:13 +0800] "GET /phpmyadmin/js/messages.php?lang=en&db=&token=a36921cc48ba7c4be5619ec89da501a1 HTTP/1.1" 200 4936
::1 - - [08/Dec/2017:06:10:18 +0800] "GET /phpmyadmin/index.php?db=myforum&token=a36921cc48ba7c4be5619ec89da501a1 HTTP/1.1" 200 2696
::1 - - [08/Dec/2017:06:10:18 +0800] "GET /phpmyadmin/navigation.php?token=a36921cc48ba7c4be5619ec89da501a1&db=myforum HTTP/1.1" 200 5699
::1 - - [08/Dec/2017:06:10:18 +0800] "GET /phpmyadmin/db_structure.php?token=a36921cc48ba7c4be5619ec89da501a1&db=myforum HTTP/1.1" 200 18507
::1 - - [08/Dec/2017:06:10:19 +0800] "GET /phpmyadmin/js/db_structure.js?ts=1512498187 HTTP/1.1" 200 3185
::1 - - [08/Dec/2017:06:10:19 +0800] "GET /phpmyadmin/js/messages.php?lang=en&db=myforum&token=a36921cc48ba7c4be5619ec89da501a1 HTTP/1.1" 200 4943
::1 - - [08/Dec/2017:06:10:22 +0800] "GET /phpmyadmin/sql.php?db=myforum&token=a36921cc48ba7c4be5619ec89da501a1&goto=db_structure.php&table=fanswer&pos=0 HTTP/1.1" 200 32098
::1 - - [08/Dec/2017:06:10:23 +0800] "GET /phpmyadmin/js/pMap.js?ts=1512498188 HTTP/1.1" 200 1919
::1 - - [08/Dec/2017:06:10:23 +0800] "GET /phpmyadmin/js/sql.js?ts=1512498188 HTTP/1.1" 200 15979
::1 - - [08/Dec/2017:06:10:30 +0800] "GET /phpmyadmin/sql.php?db=myforum&table=fanswer&sql_query=DELETE+FROM+%60myforum%60.%60fanswer%60+WHERE+%60fanswer%60.%60question_id%60+%3D+0+AND+%60fanswer%60.%60a_id%60+%3D+1+AND+%60fanswer%60.%60a_name%60+%3D+%27%27+AND+%60fanswer%60.%60a_email%60+%3D+%27%27+AND+%60fanswer%60.%60a_answer%60+%3D+%27%27+AND+%60fanswer%60.%60a_datetime%60+%3D+CAST%280x30372f31322f31372032333a30323a3439+AS+BINARY%29+LIMIT+1&message_to_show=The+row+has+been+deleted&goto=sql.php%3Fdb%3Dmyforum%26table%3Dfanswer%26sql_query%3DSELECT%2B%252A%2BFROM%2B%2560fanswer%2560%26message_to_show%3DThe%2Brow%2Bhas%2Bbeen%2Bdeleted%26goto%3Dtbl_structure.php%26token%3Da36921cc48ba7c4be5619ec89da501a1&token=a36921cc48ba7c4be5619ec89da501a1&is_js_confirmed=1 HTTP/1.1" 302 -
::1 - - [08/Dec/2017:06:10:30 +0800] "GET /phpmyadmin/sql.php?db=myforum&table=fanswer&sql_query=SELECT+%2A+FROM+%60fanswer%60&message_to_show=The+row+has+been+deleted&goto=tbl_structure.php&token=a36921cc48ba7c4be5619ec89da501a1&message=1+row+deleted.+%28+Query+took+0.0435+sec+%29 HTTP/1.1" 200 25602
::1 - - [08/Dec/2017:06:10:34 +0800] "GET /phpmyadmin/db_structure.php?db=myforum&token=a36921cc48ba7c4be5619ec89da501a1 HTTP/1.1" 200 18507
::1 - - [08/Dec/2017:06:10:34 +0800] "GET /phpmyadmin/navigation.php?server=1&token=a36921cc48ba7c4be5619ec89da501a1&db=myforum&table=&lang=en&collation_connection=utf8_general_ci HTTP/1.1" 200 5699
::1 - - [08/Dec/2017:06:10:36 +0800] "GET /phpmyadmin/sql.php?db=myforum&token=a36921cc48ba7c4be5619ec89da501a1&goto=db_structure.php&table=fquestions&pos=0 HTTP/1.1" 200 33778
::1 - - [08/Dec/2017:06:10:40 +0800] "GET /phpmyadmin/sql.php?db=myforum&table=fquestions&sql_query=DELETE+FROM+%60myforum%60.%60fquestions%60+WHERE+%60fquestions%60.%60id%60+%3D+1&message_to_show=The+row+has+been+deleted&goto=sql.php%3Fdb%3Dmyforum%26table%3Dfquestions%26sql_query%3DSELECT%2B%252A%2BFROM%2B%2560fquestions%2560%26message_to_show%3DThe%2Brow%2Bhas%2Bbeen%2Bdeleted%26goto%3Dtbl_structure.php%26token%3Da36921cc48ba7c4be5619ec89da501a1&token=a36921cc48ba7c4be5619ec89da501a1&is_js_confirmed=1 HTTP/1.1" 302 -
::1 - - [08/Dec/2017:06:10:40 +0800] "GET /phpmyadmin/sql.php?db=myforum&table=fquestions&sql_query=SELECT+%2A+FROM+%60fquestions%60&message_to_show=The+row+has+been+deleted&goto=tbl_structure.php&token=a36921cc48ba7c4be5619ec89da501a1&message=1+row+deleted.+%28+Query+took+0.0031+sec+%29 HTTP/1.1" 200 30700
::1 - - [08/Dec/2017:06:10:44 +0800] "GET /phpmyadmin/sql.php?db=myforum&table=fquestions&sql_query=DELETE+FROM+%60myforum%60.%60fquestions%60+WHERE+%60fquestions%60.%60id%60+%3D+4&message_to_show=The+row+has+been+deleted&goto=sql.php%3Fdb%3Dmyforum%26table%3Dfquestions%26sql_query%3DSELECT%2B%252A%2BFROM%2B%2560fquestions%2560%26message_to_show%3DThe%2Brow%2Bhas%2Bbeen%2Bdeleted%26goto%3Dtbl_structure.php%26token%3Da36921cc48ba7c4be5619ec89da501a1&token=a36921cc48ba7c4be5619ec89da501a1&is_js_confirmed=1 HTTP/1.1" 302 -
::1 - - [08/Dec/2017:06:10:44 +0800] "GET /phpmyadmin/sql.php?db=myforum&table=fquestions&sql_query=SELECT+%2A+FROM+%60fquestions%60&message_to_show=The+row+has+been+deleted&goto=tbl_structure.php&token=a36921cc48ba7c4be5619ec89da501a1&message=1+row+deleted.+%28+Query+took+0.0405+sec+%29 HTTP/1.1" 200 28049
::1 - - [08/Dec/2017:06:10:54 +0800] "GET /phpmyadmin/tbl_sql.php?db=myforum&table=fquestions&token=a36921cc48ba7c4be5619ec89da501a1 HTTP/1.1" 200 10753
::1 - - [08/Dec/2017:06:11:00 +0800] "GET /phpmyadmin/tbl_structure.php?db=myforum&table=fquestions&token=a36921cc48ba7c4be5619ec89da501a1 HTTP/1.1" 200 71446
::1 - - [08/Dec/2017:06:11:00 +0800] "GET /phpmyadmin/js/tbl_structure.js?ts=1512498188 HTTP/1.1" 200 1976
::1 - - [08/Dec/2017:06:11:20 +0800] "GET /myforum/ HTTP/1.1" 200 492
::1 - - [08/Dec/2017:06:11:23 +0800] "GET /myforum/new_topic.php HTTP/1.1" 200 1193
::1 - - [08/Dec/2017:06:12:07 +0800] "POST /myforum/add_new_topic.php HTTP/1.1" 200 56
::1 - - [08/Dec/2017:06:12:10 +0800] "GET /myforum/main_forum.php HTTP/1.1" 200 1452
::1 - - [08/Dec/2017:06:12:14 +0800] "GET /myforum/view_topic.php?id=5 HTTP/1.1" 200 1540
::1 - - [08/Dec/2017:06:13:31 +0800] "POST /myforum/add_answer.php HTTP/1.1" 200 64
::1 - - [08/Dec/2017:06:13:33 +0800] "GET /myforum/view_topic.php?id=5 HTTP/1.1" 200 2530
::1 - - [08/Dec/2017:06:14:17 +0800] "GET /myforum/ HTTP/1.1" 200 492
::1 - - [08/Dec/2017:06:14:18 +0800] "GET /myforum/add_new_topic.php HTTP/1.1" 200 628
::1 - - [08/Dec/2017:06:14:52 +0800] "GET /myforum/ HTTP/1.1" 200 432
::1 - - [08/Dec/2017:06:14:53 +0800] "GET /myforum/view_topic.php HTTP/1.1" 200 1597
::1 - - [08/Dec/2017:06:15:24 +0800] "POST /myforum/add_answer.php HTTP/1.1" 200 63
::1 - - [08/Dec/2017:06:15:25 +0800] "GET /myforum/view_topic.php?id= HTTP/1.1" 200 2364
::1 - - [08/Dec/2017:06:16:42 +0800] "POST /myforum/add_answer.php HTTP/1.1" 200 63
::1 - - [08/Dec/2017:06:16:45 +0800] "GET /myforum/view_topic.php?id= HTTP/1.1" 200 3375
::1 - - [08/Dec/2017:06:17:18 +0800] "GET /myforum/ HTTP/1.1" 200 378
::1 - - [08/Dec/2017:06:17:20 +0800] "GET /myforum/ HTTP/1.1" 200 378
::1 - - [08/Dec/2017:06:17:21 +0800] "GET /myforum/main_forum.php HTTP/1.1" 200 1715
::1 - - [08/Dec/2017:06:17:27 +0800] "GET /myforum/view_topic.php?id=3 HTTP/1.1" 404 220
::1 - - [08/Dec/2017:06:17:45 +0800] "GET /myforum/main_forum.php HTTP/1.1" 200 1715
::1 - - [08/Dec/2017:06:17:48 +0800] "GET /myforum/view_topic.php?id=3 HTTP/1.1" 200 2496
::1 - - [08/Dec/2017:06:17:57 +0800] "GET /myforum/view_topic.php?id=2 HTTP/1.1" 200 1510
::1 - - [08/Dec/2017:06:18:06 +0800] "GET /phpmyadmin/db_structure.php?db=myforum&token=a36921cc48ba7c4be5619ec89da501a1 HTTP/1.1" 200 18507
::1 - - [08/Dec/2017:06:18:07 +0800] "GET /phpmyadmin/themes/pmahomme/img/s_desc.png HTTP/1.1" 200 201
::1 - - [08/Dec/2017:06:18:09 +0800] "GET /phpmyadmin/sql.php?db=myforum&token=a36921cc48ba7c4be5619ec89da501a1&goto=db_structure.php&table=fquestions&pos=0 HTTP/1.1" 200 34017
::1 - - [08/Dec/2017:06:18:14 +0800] "GET /phpmyadmin/sql.php?db=myforum&table=fquestions&sql_query=DELETE+FROM+%60myforum%60.%60fquestions%60+WHERE+%60fquestions%60.%60id%60+%3D+2&message_to_show=The+row+has+been+deleted&goto=sql.php%3Fdb%3Dmyforum%26table%3Dfquestions%26sql_query%3DSELECT%2B%252A%2BFROM%2B%2560fquestions%2560%26message_to_show%3DThe%2Brow%2Bhas%2Bbeen%2Bdeleted%26goto%3Dtbl_structure.php%26token%3Da36921cc48ba7c4be5619ec89da501a1&token=a36921cc48ba7c4be5619ec89da501a1&is_js_confirmed=1 HTTP/1.1" 302 -
::1 - - [08/Dec/2017:06:18:14 +0800] "GET /phpmyadmin/sql.php?db=myforum&table=fquestions&sql_query=SELECT+%2A+FROM+%60fquestions%60&message_to_show=The+row+has+been+deleted&goto=tbl_structure.php&token=a36921cc48ba7c4be5619ec89da501a1&message=1+row+deleted.+%28+Query+took+0.0444+sec+%29 HTTP/1.1" 200 30712
::1 - - [08/Dec/2017:06:18:17 +0800] "GET /phpmyadmin/sql.php?db=myforum&table=fquestions&sql_query=DELETE+FROM+%60myforum%60.%60fquestions%60+WHERE+%60fquestions%60.%60id%60+%3D+6&message_to_show=The+row+has+been+deleted&goto=sql.php%3Fdb%3Dmyforum%26table%3Dfquestions%26sql_query%3DSELECT%2B%252A%2BFROM%2B%2560fquestions%2560%26message_to_show%3DThe%2Brow%2Bhas%2Bbeen%2Bdeleted%26goto%3Dtbl_structure.php%26token%3Da36921cc48ba7c4be5619ec89da501a1&token=a36921cc48ba7c4be5619ec89da501a1&is_js_confirmed=1 HTTP/1.1" 302 -
::1 - - [08/Dec/2017:06:18:18 +0800] "GET /phpmyadmin/sql.php?db=myforum&table=fquestions&sql_query=SELECT+%2A+FROM+%60fquestions%60&message_to_show=The+row+has+been+deleted&goto=tbl_structure.php&token=a36921cc48ba7c4be5619ec89da501a1&message=1+row+deleted.+%28+Query+took+0.0022+sec+%29 HTTP/1.1" 200 28061
::1 - - [08/Dec/2017:06:18:22 +0800] "GET /phpmyadmin/sql.php?db=myforum&table=fquestions&sql_query=DELETE+FROM+%60myforum%60.%60fquestions%60+WHERE+%60fquestions%60.%60id%60+%3D+5&message_to_show=The+row+has+been+deleted&goto=sql.php%3Fdb%3Dmyforum%26table%3Dfquestions%26sql_query%3DSELECT%2B%252A%2BFROM%2B%2560fquestions%2560%26message_to_show%3DThe%2Brow%2Bhas%2Bbeen%2Bdeleted%26goto%3Dtbl_structure.php%26token%3Da36921cc48ba7c4be5619ec89da501a1&token=a36921cc48ba7c4be5619ec89da501a1&is_js_confirmed=1 HTTP/1.1" 302 -
::1 - - [08/Dec/2017:06:18:22 +0800] "GET /phpmyadmin/sql.php?db=myforum&table=fquestions&sql_query=SELECT+%2A+FROM+%60fquestions%60&message_to_show=The+row+has+been+deleted&goto=tbl_structure.php&token=a36921cc48ba7c4be5619ec89da501a1&message=1+row+deleted.+%28+Query+took+0.0021+sec+%29 HTTP/1.1" 200 22449
::1 - - [08/Dec/2017:06:18:25 +0800] "GET /phpmyadmin/sql.php?db=myforum&table=fquestions&sql_query=DELETE+FROM+%60myforum%60.%60fquestions%60+WHERE+%60fquestions%60.%60id%60+%3D+3&message_to_show=The+row+has+been+deleted&goto=sql.php%3Fdb%3Dmyforum%26table%3Dfquestions%26sql_query%3DSELECT%2B%252A%2BFROM%2B%2560fquestions%2560%26message_to_show%3DThe%2Brow%2Bhas%2Bbeen%2Bdeleted%26goto%3Dtbl_structure.php%26token%3Da36921cc48ba7c4be5619ec89da501a1&token=a36921cc48ba7c4be5619ec89da501a1&is_js_confirmed=1 HTTP/1.1" 302 -
::1 - - [08/Dec/2017:06:18:25 +0800] "GET /phpmyadmin/sql.php?db=myforum&table=fquestions&sql_query=SELECT+%2A+FROM+%60fquestions%60&message_to_show=The+row+has+been+deleted&goto=tbl_structure.php&token=a36921cc48ba7c4be5619ec89da501a1&message=1+row+deleted.+%28+Query+took+0.0445+sec+%29 HTTP/1.1" 200 73706
::1 - - [08/Dec/2017:06:18:27 +0800] "GET /phpmyadmin/db_structure.php?db=myforum&token=a36921cc48ba7c4be5619ec89da501a1 HTTP/1.1" 200 18510
::1 - - [08/Dec/2017:06:18:28 +0800] "GET /phpmyadmin/themes/pmahomme/img/bd_browse.png HTTP/1.1" 200 200
::1 - - [08/Dec/2017:06:18:28 +0800] "GET /phpmyadmin/themes/pmahomme/img/bd_select.png HTTP/1.1" 200 459
::1 - - [08/Dec/2017:06:18:28 +0800] "GET /phpmyadmin/themes/pmahomme/img/bd_empty.png HTTP/1.1" 200 231
::1 - - [08/Dec/2017:06:18:30 +0800] "GET /phpmyadmin/sql.php?db=myforum&token=a36921cc48ba7c4be5619ec89da501a1&goto=db_structure.php&table=fanswer&pos=0 HTTP/1.1" 200 46871
::1 - - [08/Dec/2017:06:18:33 +0800] "GET /phpmyadmin/sql.php?db=myforum&table=fanswer&sql_query=DELETE+FROM+%60myforum%60.%60fanswer%60+WHERE+%60fanswer%60.%60question_id%60+%3D+3+AND+%60fanswer%60.%60a_id%60+%3D+1+AND+%60fanswer%60.%60a_name%60+%3D+CAST%280x6c6f76656c79+AS+BINARY%29+AND+%60fanswer%60.%60a_email%60+%3D+CAST%280x6c6f76656c795f6c616365407961686f6f2e636f6d+AS+BINARY%29+AND+%60fanswer%60.%60a_answer%60+%3D+CAST%280x4e6576657220746865206c65737321+AS+BINARY%29+AND+%60fanswer%60.%60a_datetime%60+%3D+CAST%280x30372f31322f31372032333a30353a3431+AS+BINARY%29+LIMIT+1&message_to_show=The+row+has+been+deleted&goto=sql.php%3Fdb%3Dmyforum%26table%3Dfanswer%26sql_query%3DSELECT%2B%252A%2BFROM%2B%2560fanswer%2560%26message_to_show%3DThe%2Brow%2Bhas%2Bbeen%2Bdeleted%26goto%3Dtbl_structure.php%26token%3Da36921cc48ba7c4be5619ec89da501a1&token=a36921cc48ba7c4be5619ec89da501a1&is_js_confirmed=1 HTTP/1.1" 302 -
::1 - - [08/Dec/2017:06:18:33 +0800] "GET /phpmyadmin/sql.php?db=myforum&table=fanswer&sql_query=SELECT+%2A+FROM+%60fanswer%60&message_to_show=The+row+has+been+deleted&goto=tbl_structure.php&token=a36921cc48ba7c4be5619ec89da501a1&message=1+row+deleted.+%28+Query+took+0.0438+sec+%29 HTTP/1.1" 200 40233
::1 - - [08/Dec/2017:06:18:36 +0800] "GET /phpmyadmin/sql.php?db=myforum&table=fanswer&sql_query=DELETE+FROM+%60myforum%60.%60fanswer%60+WHERE+%60fanswer%60.%60question_id%60+%3D+5+AND+%60fanswer%60.%60a_id%60+%3D+1+AND+%60fanswer%60.%60a_name%60+%3D+CAST%280x6a65636965+AS+BINARY%29+AND+%60fanswer%60.%60a_email%60+%3D+CAST%280x6a6563696540676d61696c2e636f6d+AS+BINARY%29+AND+%60fanswer%60.%60a_answer%60+%3D+CAST%280x697420646570656e64732075706f6e2074686520706572736f6e20697473656c662061626f757420686f7720696e74656e7365206c6f76652068757274732068696d73656c662e+AS+BINARY%29+AND+%60fanswer%60.%60a_datetime%60+%3D+CAST%280x30372f31322f31372032333a31333a3331+AS+BINARY%29+LIMIT+1&message_to_show=The+row+has+been+deleted&goto=sql.php%3Fdb%3Dmyforum%26table%3Dfanswer%26sql_query%3DSELECT%2B%252A%2BFROM%2B%2560fanswer%2560%26message_to_show%3DThe%2Brow%2Bhas%2Bbeen%2Bdeleted%26goto%3Dtbl_structure.php%26token%3Da36921cc48ba7c4be5619ec89da501a1&token=a36921cc48ba7c4be5619ec89da501a1&is_js_confirmed=1 HTTP/1.1" 302 -
::1 - - [08/Dec/2017:06:18:36 +0800] "GET /phpmyadmin/sql.php?db=myforum&table=fanswer&sql_query=SELECT+%2A+FROM+%60fanswer%60&message_to_show=The+row+has+been+deleted&goto=tbl_structure.php&token=a36921cc48ba7c4be5619ec89da501a1&message=1+row+deleted.+%28+Query+took+0.0412+sec+%29 HTTP/1.1" 200 33142
::1 - - [08/Dec/2017:06:18:39 +0800] "GET /phpmyadmin/sql.php?db=myforum&table=fanswer&sql_query=DELETE+FROM+%60myforum%60.%60fanswer%60+WHERE+%60fanswer%60.%60question_id%60+%3D+0+AND+%60fanswer%60.%60a_id%60+%3D+1+AND+%60fanswer%60.%60a_name%60+%3D+CAST%280x6a65636965+AS+BINARY%29+AND+%60fanswer%60.%60a_email%60+%3D+%27%27+AND+%60fanswer%60.%60a_answer%60+%3D+%27%27+AND+%60fanswer%60.%60a_datetime%60+%3D+CAST%280x30372f31322f31372032333a31353a3234+AS+BINARY%29+LIMIT+1&message_to_show=The+row+has+been+deleted&goto=sql.php%3Fdb%3Dmyforum%26table%3Dfanswer%26sql_query%3DSELECT%2B%252A%2BFROM%2B%2560fanswer%2560%26message_to_show%3DThe%2Brow%2Bhas%2Bbeen%2Bdeleted%26goto%3Dtbl_structure.php%26token%3Da36921cc48ba7c4be5619ec89da501a1&token=a36921cc48ba7c4be5619ec89da501a1&is_js_confirmed=1 HTTP/1.1" 302 -
::1 - - [08/Dec/2017:06:18:39 +0800] "GET /phpmyadmin/sql.php?db=myforum&table=fanswer&sql_query=SELECT+%2A+FROM+%60fanswer%60&message_to_show=The+row+has+been+deleted&goto=tbl_structure.php&token=a36921cc48ba7c4be5619ec89da501a1&message=1+row+deleted.+%28+Query+took+0.1043+sec+%29 HTTP/1.1" 200 26860
::1 - - [08/Dec/2017:06:18:41 +0800] "GET /phpmyadmin/sql.php?db=myforum&table=fanswer&sql_query=DELETE+FROM+%60myforum%60.%60fanswer%60+WHERE+%60fanswer%60.%60question_id%60+%3D+0+AND+%60fanswer%60.%60a_id%60+%3D+2+AND+%60fanswer%60.%60a_name%60+%3D+CAST%280x6c6561766579+AS+BINARY%29+AND+%60fanswer%60.%60a_email%60+%3D+CAST%280x6e69786f6e5f6e6978407961686f6f2e636f6d+AS+BINARY%29+AND+%60fanswer%60.%60a_answer%60+%3D+CAST%280x69742020646570656e64732075706f6e20686f7720756e6465727374616e64696e672074686520706572736f6e206973206f6e2074686520736974756174696f6e20616e6420726561736f6e732070726f76696465642e+AS+BINARY%29+AND+%60fanswer%60.%60a_datetime%60+%3D+CAST%280x30372f31322f31372032333a31363a3432+AS+BINARY%29+LIMIT+1&message_to_show=The+row+has+been+deleted&goto=sql.php%3Fdb%3Dmyforum%26table%3Dfanswer%26sql_query%3DSELECT%2B%252A%2BFROM%2B%2560fanswer%2560%26message_to_show%3DThe%2Brow%2Bhas%2Bbeen%2Bdeleted%26goto%3Dtbl_structure.php%26token%3Da36921cc48ba7c4be5619ec89da501a1&token=a36921cc48ba7c4be5619ec89da501a1&is_js_confirmed=1 HTTP/1.1" 302 -
::1 - - [08/Dec/2017:06:18:41 +0800] "GET /phpmyadmin/sql.php?db=myforum&table=fanswer&sql_query=SELECT+%2A+FROM+%60fanswer%60&message_to_show=The+row+has+been+deleted&goto=tbl_structure.php&token=a36921cc48ba7c4be5619ec89da501a1&message=1+row+deleted.+%28+Query+took+0.0769+sec+%29 HTTP/1.1" 200 58758
::1 - - [08/Dec/2017:06:18:42 +0800] "GET /phpmyadmin/themes/pmahomme/img/s_error.png HTTP/1.1" 200 701
::1 - - [08/Dec/2017:06:18:44 +0800] "GET /phpmyadmin/sql.php?db=myforum&table=fanswer&token=a36921cc48ba7c4be5619ec89da501a1&pos=0 HTTP/1.1" 200 59147
::1 - - [08/Dec/2017:06:18:52 +0800] "GET /myforum/main_forum.php HTTP/1.1" 200 647
::1 - - [08/Dec/2017:06:18:58 +0800] "GET /myforum/new_topic.php HTTP/1.1" 200 1193
::1 - - [08/Dec/2017:06:19:42 +0800] "POST /myforum/add_new_topic.php HTTP/1.1" 404 223
::1 - - [08/Dec/2017:06:19:59 +0800] "POST /myforum/add_new_topic.php HTTP/1.1" 200 56
::1 - - [08/Dec/2017:06:20:01 +0800] "GET /myforum/main_forum.php HTTP/1.1" 200 915
::1 - - [08/Dec/2017:06:20:04 +0800] "GET /myforum/view_topic.php?id=7 HTTP/1.1" 200 1550
::1 - - [08/Dec/2017:06:21:04 +0800] "POST /myforum/add_answer.php HTTP/1.1" 200 5
::1 - - [08/Dec/2017:06:21:58 +0800] "POST /myforum/add_answer.php HTTP/1.1" 200 5
::1 - - [08/Dec/2017:06:22:11 +0800] "POST /myforum/add_answer.php HTTP/1.1" 200 64
::1 - - [08/Dec/2017:06:22:14 +0800] "GET /myforum/view_topic.php?id=7 HTTP/1.1" 200 2457
