[Sat Dec 09 09:53:08 2017] [notice] Apache/2.2.21 (Win32) PHP/5.3.9 configured -- resuming normal operations
[Sat Dec 09 09:53:08 2017] [notice] Server built: Sep 10 2011 11:34:11
[Sat Dec 09 09:53:08 2017] [notice] Parent: Created child process 5308
[Sat Dec 09 09:53:09 2017] [notice] Child 5308: Child process is running
[Sat Dec 09 09:53:09 2017] [notice] Child 5308: Acquired the start mutex.
[Sat Dec 09 09:53:09 2017] [notice] Child 5308: Starting 64 worker threads.
[Sat Dec 09 09:53:09 2017] [notice] Child 5308: Starting thread to listen on port 80.
[Sat Dec 09 09:53:09 2017] [notice] Child 5308: Starting thread to listen on port 80.
[Sat Dec 09 09:53:29 2017] [error] [client ::1] File does not exist: C:/Users/ITE32D-16/Desktop/database/root/favicon.ico, referer: http://localhost/
[Sat Dec 09 09:53:43 2017] [error] [client ::1] PHP Notice:  Undefined index: id in C:\\Users\\ITE32D-16\\Desktop\\database\\root\\myForum\\view_topic.php on line 14, referer: http://localhost/myforum/
[Sat Dec 09 09:55:35 2017] [error] [client ::1] PHP Notice:  Undefined index: name in C:\\Users\\ITE32D-16\\Desktop\\database\\root\\myForum\\view_topic.php on line 14, referer: http://localhost/myforum/
[Sat Dec 09 09:55:54 2017] [error] [client ::1] PHP Notice:  Undefined index: name in C:\\Users\\ITE32D-16\\Desktop\\database\\root\\myForum\\view_topic.php on line 14, referer: http://localhost/myforum/
[Sat Dec 09 09:55:57 2017] [error] [client ::1] PHP Notice:  Undefined index: name in C:\\Users\\ITE32D-16\\Desktop\\database\\root\\myForum\\view_topic.php on line 14, referer: http://localhost/myforum/
[Sat Dec 09 10:04:07 2017] [error] [client ::1] PHP Warning:  include(templates/header.php) [<a href='function.include'>function.include</a>]: failed to open stream: No such file or directory in C:\\Users\\ITE32D-16\\Desktop\\database\\root\\myForum\\index.php on line 16
[Sat Dec 09 10:04:07 2017] [error] [client ::1] PHP Warning:  include() [<a href='function.include'>function.include</a>]: Failed opening 'templates/header.php' for inclusion (include_path='.;C:\\php\\pear') in C:\\Users\\ITE32D-16\\Desktop\\database\\root\\myForum\\index.php on line 16
[Sat Dec 09 10:04:07 2017] [error] [client ::1] PHP Warning:  include(templates/footer.php) [<a href='function.include'>function.include</a>]: failed to open stream: No such file or directory in C:\\Users\\ITE32D-16\\Desktop\\database\\root\\myForum\\index.php on line 23
[Sat Dec 09 10:04:07 2017] [error] [client ::1] PHP Warning:  include() [<a href='function.include'>function.include</a>]: Failed opening 'templates/footer.php' for inclusion (include_path='.;C:\\php\\pear') in C:\\Users\\ITE32D-16\\Desktop\\database\\root\\myForum\\index.php on line 23
[Sat Dec 09 10:04:07 2017] [error] [client ::1] File does not exist: C:/Users/ITE32D-16/Desktop/database/root/myForum/css, referer: http://localhost/myforum/
[Sat Dec 09 10:04:10 2017] [error] [client ::1] PHP Warning:  include(templates/header.php) [<a href='function.include'>function.include</a>]: failed to open stream: No such file or directory in C:\\Users\\ITE32D-16\\Desktop\\database\\root\\myForum\\index.php on line 16
[Sat Dec 09 10:04:10 2017] [error] [client ::1] PHP Warning:  include() [<a href='function.include'>function.include</a>]: Failed opening 'templates/header.php' for inclusion (include_path='.;C:\\php\\pear') in C:\\Users\\ITE32D-16\\Desktop\\database\\root\\myForum\\index.php on line 16
[Sat Dec 09 10:04:10 2017] [error] [client ::1] PHP Warning:  include(templates/footer.php) [<a href='function.include'>function.include</a>]: failed to open stream: No such file or directory in C:\\Users\\ITE32D-16\\Desktop\\database\\root\\myForum\\index.php on line 23
[Sat Dec 09 10:04:10 2017] [error] [client ::1] PHP Warning:  include() [<a href='function.include'>function.include</a>]: Failed opening 'templates/footer.php' for inclusion (include_path='.;C:\\php\\pear') in C:\\Users\\ITE32D-16\\Desktop\\database\\root\\myForum\\index.php on line 23
[Sat Dec 09 10:04:10 2017] [error] [client ::1] File does not exist: C:/Users/ITE32D-16/Desktop/database/root/myForum/css, referer: http://localhost/myforum/
[Sat Dec 09 10:05:11 2017] [error] [client ::1] File does not exist: C:/Users/ITE32D-16/Desktop/database/root/myForum/css, referer: http://localhost/myforum/
[Sat Dec 09 10:05:12 2017] [error] [client ::1] File does not exist: C:/Users/ITE32D-16/Desktop/database/root/myForum/css, referer: http://localhost/myforum/
[Sat Dec 09 10:09:20 2017] [error] [client ::1] File does not exist: C:/Users/ITE32D-16/Desktop/database/root/myForum/css, referer: http://localhost/myforum/
[Sat Dec 09 10:09:48 2017] [error] [client ::1] File does not exist: C:/Users/ITE32D-16/Desktop/database/root/myForum/css, referer: http://localhost/myforum/
[Sat Dec 09 10:11:30 2017] [error] [client ::1] File does not exist: C:/Users/ITE32D-16/Desktop/database/root/myForum/css, referer: http://localhost/myforum/
[Sat Dec 09 10:12:08 2017] [error] [client ::1] File does not exist: C:/Users/ITE32D-16/Desktop/database/root/myForum/css, referer: http://localhost/myforum/
[Sat Dec 09 10:12:20 2017] [error] [client ::1] File does not exist: C:/Users/ITE32D-16/Desktop/database/root/myForum/css, referer: http://localhost/myforum/
[Sat Dec 09 10:12:42 2017] [error] [client ::1] File does not exist: C:/Users/ITE32D-16/Desktop/database/root/myForum/css, referer: http://localhost/myforum/
[Sat Dec 09 10:12:43 2017] [error] [client ::1] File does not exist: C:/Users/ITE32D-16/Desktop/database/root/myForum/css, referer: http://localhost/myforum/
[Sat Dec 09 10:13:05 2017] [error] [client ::1] File does not exist: C:/Users/ITE32D-16/Desktop/database/root/myForum/css, referer: http://localhost/myforum/
[Sat Dec 09 10:15:21 2017] [error] [client ::1] File does not exist: C:/Users/ITE32D-16/Desktop/database/root/myForum/css, referer: http://localhost/myforum/
